Using pre-set license
Built from '2021.1/release' branch; Version is '2021.1.4f1 (4cd64a618c1b) revision 5035594'; Using compiler version '192528614'; Build Type 'Release'
OS: 'Windows 10 Home; OS build 19043.1645; Version 2009; 64bit' Language: 'ja' Physical Memory: 16228 MB
BatchMode: 1, IsHumanControllingUs: 0, StartBugReporterOnCrash: 0, Is64bit: 1, IsPro: 0

 COMMAND LINE ARGUMENTS:
C:\Program Files\Unity\Hub\Editor\2021.1.4f1\Editor\Unity.exe
-adb2
-batchMode
-noUpm
-name
AssetImportWorker0
-projectPath
C:/GCOC2_Unity/Team1/Kawai01
-logFile
Logs/AssetImportWorker0.log
-srvPort
52311
Successfully changed project path to: C:/GCOC2_Unity/Team1/Kawai01
C:/GCOC2_Unity/Team1/Kawai01
Using Asset Import Pipeline V2.
Refreshing native plugins compatible for Editor in 79.79 ms, found 1 plugins.
Preloading 0 native plugins for Editor in 0.00 ms.
Initialize engine version: 2021.1.4f1 (4cd64a618c1b)
[Subsystems] Discovering subsystems at path C:/Program Files/Unity/Hub/Editor/2021.1.4f1/Editor/Data/Resources/UnitySubsystems
[Subsystems] Discovering subsystems at path C:/GCOC2_Unity/Team1/Kawai01/Assets
GfxDevice: creating device client; threaded=0; jobified=0
Direct3D:
    Version:  Direct3D 11.0 [level 11.1]
    Renderer: NVIDIA GeForce RTX 2060 (ID=0x1f11)
    Vendor:   NVIDIA
    VRAM:     5980 MB
    Driver:   26.21.14.3123
Initialize mono
Mono path[0] = 'C:/Program Files/Unity/Hub/Editor/2021.1.4f1/Editor/Data/Managed'
Mono path[1] = 'C:/Program Files/Unity/Hub/Editor/2021.1.4f1/Editor/Data/MonoBleedingEdge/lib/mono/unityjit'
Mono config path = 'C:/Program Files/Unity/Hub/Editor/2021.1.4f1/Editor/Data/MonoBleedingEdge/etc'
Using monoOptions --debugger-agent=transport=dt_socket,embedding=1,server=y,suspend=n,address=127.0.0.1:56588
Begin MonoManager ReloadAssembly
Registering precompiled unity dll's ...
Register platform support module: C:/Program Files/Unity/Hub/Editor/2021.1.4f1/Editor/Data/PlaybackEngines/WindowsStandaloneSupport/UnityEditor.WindowsStandalone.Extensions.dll
Registered in 0.002574 seconds.
Native extension for WindowsStandalone target not found
Refreshing native plugins compatible for Editor in 81.89 ms, found 1 plugins.
Preloading 0 native plugins for Editor in 0.00 ms.
Mono: successfully reloaded assembly
- Completed reload, in  1.350 seconds
Platform modules already initialized, skipping
Registering precompiled user dll's ...
Registered in 0.004850 seconds.
Begin MonoManager ReloadAssembly
Native extension for WindowsStandalone target not found
Refreshing native plugins compatible for Editor in 80.74 ms, found 1 plugins.
Preloading 0 native plugins for Editor in 0.00 ms.
Mono: successfully reloaded assembly
- Completed reload, in  1.023 seconds
Platform modules already initialized, skipping
========================================================================
Worker process is ready to serve import requests
Launched and connected shader compiler UnityShaderCompiler.exe after 0.05 seconds
Refreshing native plugins compatible for Editor in 0.50 ms, found 1 plugins.
Preloading 0 native plugins for Editor in 0.00 ms.
Unloading 2962 Unused Serialized files (Serialized files now loaded: 0)
System memory in use before: 108.6 MB.
System memory in use after: 108.8 MB.

Unloading 16 unused Assets to reduce memory usage. Loaded Objects now: 3415.
Total: 2.213000 ms (FindLiveObjects: 0.215200 ms CreateObjectMapping: 0.111200 ms MarkObjects: 1.835300 ms  DeleteObjects: 0.050500 ms)

========================================================================
Received Import Request.
  path: Assets/Kawai/BGM
  artifactKey: Guid(8a424846faceb20449ccec3379d6ec05) Importer(815301076,1909f56bfc062723c751e8b465ee728b)
Start importing Assets/Kawai/BGM using Guid(8a424846faceb20449ccec3379d6ec05) Importer(815301076,1909f56bfc062723c751e8b465ee728b)  -> (artifact id: '4889e33a49e67fe6eab909524bb2712b') in 0.005318 seconds 
========================================================================
Received Import Request.
  Time since last request: 0.000297 seconds.
  path: Assets/Kawai
  artifactKey: Guid(f5bd4084679a61e41855c8e06a1e398a) Importer(815301076,1909f56bfc062723c751e8b465ee728b)
Start importing Assets/Kawai using Guid(f5bd4084679a61e41855c8e06a1e398a) Importer(815301076,1909f56bfc062723c751e8b465ee728b)  -> (artifact id: 'fe501dba2424b2072cc8c99268dc1677') in 0.002542 seconds 
========================================================================
Received Import Request.
  Time since last request: 0.000306 seconds.
  path: Assets/Scenes
  artifactKey: Guid(8dd8f562070a174458396a11dca3d47f) Importer(815301076,1909f56bfc062723c751e8b465ee728b)
Start importing Assets/Scenes using Guid(8dd8f562070a174458396a11dca3d47f) Importer(815301076,1909f56bfc062723c751e8b465ee728b)  -> (artifact id: '8ca0a193fcd58d77d504d1278bf95d17') in 0.002519 seconds 
========================================================================
Received Import Request.
  Time since last request: 21.746933 seconds.
  path: Assets/Hashitani/PlayerC&GK
  artifactKey: Guid(4b0517c0068e09a4abe112b1ab36a7a9) Importer(815301076,1909f56bfc062723c751e8b465ee728b)
Start importing Assets/Hashitani/PlayerC&GK using Guid(4b0517c0068e09a4abe112b1ab36a7a9) Importer(815301076,1909f56bfc062723c751e8b465ee728b)  -> (artifact id: 'd7eeb165fe09b90a7f3a0daec9299647') in 0.004635 seconds 
========================================================================
Received Prepare
Registering precompiled user dll's ...
Registered in 0.004454 seconds.
Begin MonoManager ReloadAssembly
Native extension for WindowsStandalone target not found
Refreshing native plugins compatible for Editor in 0.48 ms, found 1 plugins.
Preloading 0 native plugins for Editor in 0.00 ms.
Mono: successfully reloaded assembly
- Completed reload, in  0.903 seconds
Platform modules already initialized, skipping
Refreshing native plugins compatible for Editor in 0.47 ms, found 1 plugins.
Preloading 0 native plugins for Editor in 0.00 ms.
Unloading 2961 Unused Serialized files (Serialized files now loaded: 0)
System memory in use before: 108.8 MB.
System memory in use after: 109.0 MB.

Unloading 9 unused Assets to reduce memory usage. Loaded Objects now: 3423.
Total: 2.109600 ms (FindLiveObjects: 0.188400 ms CreateObjectMapping: 0.121100 ms MarkObjects: 1.782700 ms  DeleteObjects: 0.016600 ms)

========================================================================
Received Import Request.
  Time since last request: 88.274631 seconds.
  path: Assets/Hashitani/PlayerC&GK/TrapA.prefab
  artifactKey: Guid(ba3c6c75244808042a98d078f2cecefd) Importer(815301076,1909f56bfc062723c751e8b465ee728b)
Start importing Assets/Hashitani/PlayerC&GK/TrapA.prefab using Guid(ba3c6c75244808042a98d078f2cecefd) Importer(815301076,1909f56bfc062723c751e8b465ee728b)  -> (artifact id: '7b72409eb57fcd61259747f2170828e3') in 0.044536 seconds 
========================================================================
Received Import Request.
  Time since last request: 3.846133 seconds.
  path: Assets/Hashitani/PlayerC&GK/Player.cs
  artifactKey: Guid(4b5062ff292d27e40a9fa96e1b8ed1a4) Importer(815301076,1909f56bfc062723c751e8b465ee728b)
Start importing Assets/Hashitani/PlayerC&GK/Player.cs using Guid(4b5062ff292d27e40a9fa96e1b8ed1a4) Importer(815301076,1909f56bfc062723c751e8b465ee728b)  -> (artifact id: '77004b3c4c3c1c0ec13022bd876adef3') in 0.006764 seconds 
